Flutter crash report.
Please report a bug at https://github.com/flutter/flutter/issues.

## command

flutter run

## exception

DartDevelopmentServiceException: DartDevelopmentServiceException: Failed to start Dart Development Service

```
```

## flutter doctor

```
[32m[✓][39m Flutter (Channel stable, 3.35.4, on Microsoft Windows
    [Version 10.0.26200.7171], locale en-US) [1,466ms]
    [32m•[39m Flutter version 3.35.4 on channel stable at C:\flutter
    [32m•[39m Upstream repository https://github.com/flutter/flutter.git
    [32m•[39m Framework revision d693b4b9db (9 weeks ago), 2025-09-16
      14:27:41 +0000
    [32m•[39m Engine revision c298091351
    [32m•[39m Dart version 3.9.2
    [32m•[39m DevTools version 2.48.0
    [32m•[39m Feature flags: enable-web, enable-linux-desktop,
      enable-macos-desktop, enable-windows-desktop,
      enable-android, enable-ios, cli-animations,
      enable-lldb-debugging

[32m[✓][39m Windows Version (11 Pro 64-bit, 25H2, 2009) [3.7s]

[31m[✗][39m Android toolchain - develop for Android devices [811ms]
    [31m✗[39m Unable to locate Android SDK.
      Install Android Studio from:
      https://developer.android.com/studio/index.html
      On first launch it will assist you in installing the
      Android SDK components.
      (or visit https://flutter.dev/to/windows-android-setup for
      detailed instructions).
      If the Android SDK has been installed to a custom location,
      please use
      `flutter config --android-sdk` to update to that location.


[32m[✓][39m Chrome - develop for the web [768ms]
    [32m•[39m Chrome at
      C:\Users\SHABAN\AppData\Local\Google\Chrome\Application\chr
      ome.exe

[33m[!][39m Visual Studio - develop Windows apps (Visual Studio Community
    2022 17.14.13 (August 2025)) [765ms]
    [32m•[39m Visual Studio at C:\Program Files\Microsoft Visual
      Studio\2022\Community
    [32m•[39m Visual Studio Community 2022 version 17.14.36414.22
    [31m✗[39m Visual Studio is missing necessary components. Please
      re-run the Visual Studio installer for the "Desktop
      development with C++" workload, and include these
      components:
        MSVC v142 - VS 2019 C++ x64/x86 build tools
         - If there are multiple build tool versions available,
         install the latest
        C++ CMake tools for Windows
        Windows 10 SDK

[33m[!][39m Android Studio (not installed) [9ms]
    [32m•[39m Android Studio not found; download from
      https://developer.android.com/studio/index.html
      (or visit https://flutter.dev/to/windows-android-setup for
      detailed instructions).

[32m[✓][39m VS Code (version 1.106.1) [9ms]
    [32m•[39m VS Code at C:\Users\SHABAN\AppData\Local\Programs\Microsoft
      VS Code
    [32m•[39m Flutter extension version 3.122.0

[32m[✓][39m Connected device (3 available) [51ms]
    [32m•[39m Windows (desktop) • windows • windows-x64    • Microsoft
      Windows [Version 10.0.26200.7171]
    [32m•[39m Chrome (web)      • chrome  • web-javascript • Google
      Chrome 142.0.7444.163
    [32m•[39m Edge (web)        • edge    • web-javascript • Microsoft
      Edge 142.0.3595.80

[32m[✓][39m Network resources [11.4s]
    [32m•[39m All expected network resources are available.

[33m![39m Doctor found issues in 3 categories.
```
